# JRE version: OpenJDK Runtime Environment (21.0.1+12) (build 21.0.1+12-29)
# Java VM: OpenJDK 64-Bit Server VM (21.0.1+12-29, mixed mode, sharing, tiered, compressed oops, compressed class ptrs, g1 gc, bsd-aarch64)
Heap:
 garbage-first heap   total 290816K, used 116523K [0x0000000780000000, 0x0000000800000000)
  region size 1024K, 36 young (36864K), 18 survivors (18432K)
 Metaspace       used 77209K, committed 77824K, reserved 1179648K
  class space    used 10664K, committed 10944K, reserved 1048576K
GC Heap History (20 events):
Event: 4.289 GC heap before
{Heap before GC invocations=1 (full 0):
 garbage-first heap   total 133120K, used 44970K [0x0000000780000000, 0x0000000800000000)
  region size 1024K, 43 young (44032K), 3 survivors (3072K)
 Metaspace       used 11622K, committed 11904K, reserved 1114112K
  class space    used 1625K, committed 1728K, reserved 1048576K
}
Event: 4.291 GC heap after
{Heap after GC invocations=2 (full 0):
 garbage-first heap   total 133120K, used 10251K [0x0000000780000000, 0x0000000800000000)
  region size 1024K, 6 young (6144K), 6 survivors (6144K)
 Metaspace       used 11622K, committed 11904K, reserved 1114112K
  class space    used 1625K, committed 1728K, reserved 1048576K
}
Event: 4.292 GC heap before
{Heap before GC invocations=2 (full 0):
 garbage-first heap   total 133120K, used 10251K [0x0000000780000000, 0x0000000800000000)
  region size 1024K, 7 young (7168K), 6 survivors (6144K)
 Metaspace       used 11640K, committed 11904K, reserved 1114112K
  class space    used 1628K, committed 1728K, reserved 1048576K
}
Event: 4.294 GC heap after
{Heap after GC invocations=3 (full 0):
 garbage-first heap   total 133120K, used 9767K [0x0000000780000000, 0x0000000800000000)
  region size 1024K, 3 young (3072K), 3 survivors (3072K)
 Metaspace       used 11640K, committed 11904K, reserved 1114112K
  class space    used 1628K, committed 1728K, reserved 1048576K
}
Event: 4.802 GC heap before
{Heap before GC invocations=3 (full 0):
 garbage-first heap   total 133120K, used 93735K [0x0000000780000000, 0x0000000800000000)
  region size 1024K, 23 young (23552K), 3 survivors (3072K)
 Metaspace       used 15498K, committed 15808K, reserved 1114112K
  class space    used 2397K, committed 2560K, reserved 1048576K
}
Event: 4.804 GC heap after
{Heap after GC invocations=4 (full 0):
 garbage-first heap   total 133120K, used 76829K [0x0000000780000000, 0x0000000800000000)
  region size 1024K, 5 young (5120K), 5 survivors (5120K)
 Metaspace       used 15498K, committed 15808K, reserved 1114112K
  class space    used 2397K, committed 2560K, reserved 1048576K
}
Event: 13.356 GC heap before
{Heap before GC invocations=5 (full 0):
 garbage-first heap   total 137216K, used 113693K [0x0000000780000000, 0x0000000800000000)
  region size 1024K, 40 young (40960K), 5 survivors (5120K)
 Metaspace       used 26153K, committed 26496K, reserved 1114112K
  class space    used 3664K, committed 3840K, reserved 1048576K
}
Event: 13.359 GC heap after
{Heap after GC invocations=6 (full 0):
 garbage-first heap   total 137216K, used 81307K [0x0000000780000000, 0x0000000800000000)
  region size 1024K, 4 young (4096K), 4 survivors (4096K)
 Metaspace       used 26153K, committed 26496K, reserved 1114112K
  class space    used 3664K, committed 3840K, reserved 1048576K
}
Event: 13.376 GC heap before
{Heap before GC invocations=6 (full 0):
 garbage-first heap   total 137216K, used 82331K [0x0000000780000000, 0x0000000800000000)
  region size 1024K, 6 young (6144K), 4 survivors (4096K)
 Metaspace       used 26489K, committed 26816K, reserved 1114112K
  class space    used 3708K, committed 3840K, reserved 1048576K
}
Event: 13.377 GC heap after
{Heap after GC invocations=7 (full 0):
 garbage-first heap   total 137216K, used 81514K [0x0000000780000000, 0x0000000800000000)
  region size 1024K, 3 young (3072K), 3 survivors (3072K)
 Metaspace       used 26489K, committed 26816K, reserved 1114112K
  class space    used 3708K, committed 3840K, reserved 1048576K
}
Event: 13.387 GC heap before
{Heap before GC invocations=7 (full 0):
 garbage-first heap   total 137216K, used 82538K [0x0000000780000000, 0x0000000800000000)
  region size 1024K, 5 young (5120K), 3 survivors (3072K)
 Metaspace       used 26784K, committed 27136K, reserved 1114112K
  class space    used 3736K, committed 3904K, reserved 1048576K
}
Event: 13.388 GC heap after
{Heap after GC invocations=8 (full 0):
 garbage-first heap   total 137216K, used 81778K [0x0000000780000000, 0x0000000800000000)
  region size 1024K, 3 young (3072K), 3 survivors (3072K)
 Metaspace       used 26784K, committed 27136K, reserved 1114112K
  class space    used 3736K, committed 3904K, reserved 1048576K
}
Event: 13.645 GC heap before
{Heap before GC invocations=9 (full 0):
 garbage-first heap   total 140288K, used 119666K [0x0000000780000000, 0x0000000800000000)
  region size 1024K, 40 young (40960K), 3 survivors (3072K)
 Metaspace       used 35463K, committed 35840K, reserved 1114112K
  class space    used 4768K, committed 4928K, reserved 1048576K
}
Event: 13.647 GC heap after
{Heap after GC invocations=10 (full 0):
 garbage-first heap   total 327680K, used 84101K [0x0000000780000000, 0x0000000800000000)
  region size 1024K, 5 young (5120K), 5 survivors (5120K)
 Metaspace       used 35463K, committed 35840K, reserved 1114112K
  class space    used 4768K, committed 4928K, reserved 1048576K
}
Event: 13.895 GC heap before
{Heap before GC invocations=10 (full 0):
 garbage-first heap   total 327680K, used 123013K [0x0000000780000000, 0x0000000800000000)
  region size 1024K, 44 young (45056K), 5 survivors (5120K)
 Metaspace       used 45337K, committed 45760K, reserved 1114112K
  class space    used 6283K, committed 6464K, reserved 1048576K
}
Event: 13.898 GC heap after
{Heap after GC invocations=11 (full 0):
 garbage-first heap   total 327680K, used 85758K [0x0000000780000000, 0x0000000800000000)
  region size 1024K, 7 young (7168K), 7 survivors (7168K)
 Metaspace       used 45337K, committed 45760K, reserved 1114112K
  class space    used 6283K, committed 6464K, reserved 1048576K
}
Event: 13.909 GC heap before
{Heap before GC invocations=11 (full 0):
 garbage-first heap   total 327680K, used 86782K [0x0000000780000000, 0x0000000800000000)
  region size 1024K, 9 young (9216K), 7 survivors (7168K)
 Metaspace       used 45702K, committed 46080K, reserved 1114112K
  class space    used 6347K, committed 6528K, reserved 1048576K
}
Event: 13.911 GC heap after
{Heap after GC invocations=12 (full 0):
 garbage-first heap   total 327680K, used 85240K [0x0000000780000000, 0x0000000800000000)
  region size 1024K, 7 young (7168K), 7 survivors (7168K)
 Metaspace       used 45702K, committed 46080K, reserved 1114112K
  class space    used 6347K, committed 6528K, reserved 1048576K
}
Event: 17.431 GC heap before
{Heap before GC invocations=13 (full 0):
 garbage-first heap   total 290816K, used 214264K [0x0000000780000000, 0x0000000800000000)
  region size 1024K, 130 young (133120K), 7 survivors (7168K)
 Metaspace       used 76485K, committed 77120K, reserved 1179648K
  class space    used 10608K, committed 10944K, reserved 1048576K
}
Event: 17.443 GC heap after
{Heap after GC invocations=14 (full 0):
 garbage-first heap   total 290816K, used 101161K [0x0000000780000000, 0x0000000800000000)
  region size 1024K, 18 young (18432K), 18 survivors (18432K)
 Metaspace       used 76485K, committed 77120K, reserved 1179648K
  class space    used 10608K, committed 10944K, reserved 1048576K
}

