# JRE version: OpenJDK Runtime Environment (21.0.1+12) (build 21.0.1+12-29)
# Java VM: OpenJDK 64-Bit Server VM (21.0.1+12-29, mixed mode, sharing, tiered, compressed oops, compressed class ptrs, g1 gc, bsd-aarch64)
Heap:
 garbage-first heap   total 293888K, used 208879K [0x0000000780000000, 0x0000000800000000)
  region size 1024K, 109 young (111616K), 1 survivors (1024K)
 Metaspace       used 78011K, committed 78656K, reserved 1179648K
  class space    used 10650K, committed 10944K, reserved 1048576K
GC Heap History (20 events):
Event: 5.655 GC heap before
{Heap before GC invocations=2 (full 0):
 garbage-first heap   total 133120K, used 9638K [0x0000000780000000, 0x0000000800000000)
  region size 1024K, 7 young (7168K), 6 survivors (6144K)
 Metaspace       used 11631K, committed 11904K, reserved 1114112K
  class space    used 1630K, committed 1728K, reserved 1048576K
}
Event: 5.657 GC heap after
{Heap after GC invocations=3 (full 0):
 garbage-first heap   total 133120K, used 9898K [0x0000000780000000, 0x0000000800000000)
  region size 1024K, 4 young (4096K), 4 survivors (4096K)
 Metaspace       used 11631K, committed 11904K, reserved 1114112K
  class space    used 1630K, committed 1728K, reserved 1048576K
}
Event: 6.163 GC heap before
{Heap before GC invocations=3 (full 0):
 garbage-first heap   total 133120K, used 93866K [0x0000000780000000, 0x0000000800000000)
  region size 1024K, 24 young (24576K), 4 survivors (4096K)
 Metaspace       used 15451K, committed 15808K, reserved 1114112K
  class space    used 2399K, committed 2560K, reserved 1048576K
}
Event: 6.165 GC heap after
{Heap after GC invocations=4 (full 0):
 garbage-first heap   total 133120K, used 77321K [0x0000000780000000, 0x0000000800000000)
  region size 1024K, 6 young (6144K), 6 survivors (6144K)
 Metaspace       used 15451K, committed 15808K, reserved 1114112K
  class space    used 2399K, committed 2560K, reserved 1048576K
}
Event: 15.942 GC heap before
{Heap before GC invocations=5 (full 0):
 garbage-first heap   total 138240K, used 114185K [0x0000000780000000, 0x0000000800000000)
  region size 1024K, 41 young (41984K), 6 survivors (6144K)
 Metaspace       used 26155K, committed 26496K, reserved 1114112K
  class space    used 3665K, committed 3840K, reserved 1048576K
}
Event: 15.944 GC heap after
{Heap after GC invocations=6 (full 0):
 garbage-first heap   total 138240K, used 81093K [0x0000000780000000, 0x0000000800000000)
  region size 1024K, 4 young (4096K), 4 survivors (4096K)
 Metaspace       used 26155K, committed 26496K, reserved 1114112K
  class space    used 3665K, committed 3840K, reserved 1048576K
}
Event: 15.960 GC heap before
{Heap before GC invocations=6 (full 0):
 garbage-first heap   total 138240K, used 82117K [0x0000000780000000, 0x0000000800000000)
  region size 1024K, 6 young (6144K), 4 survivors (4096K)
 Metaspace       used 26540K, committed 26816K, reserved 1114112K
  class space    used 3714K, committed 3840K, reserved 1048576K
}
Event: 15.961 GC heap after
{Heap after GC invocations=7 (full 0):
 garbage-first heap   total 138240K, used 81255K [0x0000000780000000, 0x0000000800000000)
  region size 1024K, 3 young (3072K), 3 survivors (3072K)
 Metaspace       used 26540K, committed 26816K, reserved 1114112K
  class space    used 3714K, committed 3840K, reserved 1048576K
}
Event: 15.974 GC heap before
{Heap before GC invocations=7 (full 0):
 garbage-first heap   total 138240K, used 82279K [0x0000000780000000, 0x0000000800000000)
  region size 1024K, 5 young (5120K), 3 survivors (3072K)
 Metaspace       used 26766K, committed 27136K, reserved 1114112K
  class space    used 3739K, committed 3904K, reserved 1048576K
}
Event: 15.975 GC heap after
{Heap after GC invocations=8 (full 0):
 garbage-first heap   total 138240K, used 81677K [0x0000000780000000, 0x0000000800000000)
  region size 1024K, 3 young (3072K), 3 survivors (3072K)
 Metaspace       used 26766K, committed 27136K, reserved 1114112K
  class space    used 3739K, committed 3904K, reserved 1048576K
}
Event: 16.230 GC heap before
{Heap before GC invocations=9 (full 0):
 garbage-first heap   total 138240K, used 119565K [0x0000000780000000, 0x0000000800000000)
  region size 1024K, 40 young (40960K), 3 survivors (3072K)
 Metaspace       used 35538K, committed 35904K, reserved 1114112K
  class space    used 4779K, committed 4928K, reserved 1048576K
}
Event: 16.232 GC heap after
{Heap after GC invocations=10 (full 0):
 garbage-first heap   total 308224K, used 83933K [0x0000000780000000, 0x0000000800000000)
  region size 1024K, 3 young (3072K), 3 survivors (3072K)
 Metaspace       used 35538K, committed 35904K, reserved 1114112K
  class space    used 4779K, committed 4928K, reserved 1048576K
}
Event: 16.474 GC heap before
{Heap before GC invocations=10 (full 0):
 garbage-first heap   total 308224K, used 120797K [0x0000000780000000, 0x0000000800000000)
  region size 1024K, 40 young (40960K), 3 survivors (3072K)
 Metaspace       used 45272K, committed 45760K, reserved 1114112K
  class space    used 6268K, committed 6464K, reserved 1048576K
}
Event: 16.476 GC heap after
{Heap after GC invocations=11 (full 0):
 garbage-first heap   total 308224K, used 85248K [0x0000000780000000, 0x0000000800000000)
  region size 1024K, 5 young (5120K), 5 survivors (5120K)
 Metaspace       used 45272K, committed 45760K, reserved 1114112K
  class space    used 6268K, committed 6464K, reserved 1048576K
}
Event: 20.201 GC heap before
{Heap before GC invocations=12 (full 0):
 garbage-first heap   total 293888K, used 214272K [0x0000000780000000, 0x0000000800000000)
  region size 1024K, 128 young (131072K), 5 survivors (5120K)
 Metaspace       used 75825K, committed 76416K, reserved 1179648K
  class space    used 10516K, committed 10816K, reserved 1048576K
}
Event: 20.211 GC heap after
{Heap after GC invocations=13 (full 0):
 garbage-first heap   total 293888K, used 101304K [0x0000000780000000, 0x0000000800000000)
  region size 1024K, 16 young (16384K), 16 survivors (16384K)
 Metaspace       used 75825K, committed 76416K, reserved 1179648K
  class space    used 10516K, committed 10816K, reserved 1048576K
}
Event: 20.233 GC heap before
{Heap before GC invocations=13 (full 0):
 garbage-first heap   total 293888K, used 103352K [0x0000000780000000, 0x0000000800000000)
  region size 1024K, 19 young (19456K), 16 survivors (16384K)
 Metaspace       used 76134K, committed 76736K, reserved 1179648K
  class space    used 10560K, committed 10880K, reserved 1048576K
}
Event: 20.239 GC heap after
{Heap after GC invocations=14 (full 0):
 garbage-first heap   total 293888K, used 102615K [0x0000000780000000, 0x0000000800000000)
  region size 1024K, 2 young (2048K), 2 survivors (2048K)
 Metaspace       used 76134K, committed 76736K, reserved 1179648K
  class space    used 10560K, committed 10880K, reserved 1048576K
}
Event: 20.266 GC heap before
{Heap before GC invocations=14 (full 0):
 garbage-first heap   total 293888K, used 104663K [0x0000000780000000, 0x0000000800000000)
  region size 1024K, 5 young (5120K), 2 survivors (2048K)
 Metaspace       used 76474K, committed 77056K, reserved 1179648K
  class space    used 10605K, committed 10880K, reserved 1048576K
}
Event: 20.267 GC heap after
{Heap after GC invocations=15 (full 0):
 garbage-first heap   total 293888K, used 101357K [0x0000000780000000, 0x0000000800000000)
  region size 1024K, 1 young (1024K), 1 survivors (1024K)
 Metaspace       used 76474K, committed 77056K, reserved 1179648K
  class space    used 10605K, committed 10880K, reserved 1048576K
}

