# JRE version: OpenJDK Runtime Environment (21.0.1+12) (build 21.0.1+12-29)
# Java VM: OpenJDK 64-Bit Server VM (21.0.1+12-29, mixed mode, sharing, tiered, compressed oops, compressed class ptrs, g1 gc, bsd-aarch64)
Heap:
 garbage-first heap   total 284672K, used 232496K [0x0000000780000000, 0x0000000800000000)
  region size 1024K, 49 young (50176K), 1 survivors (1024K)
 Metaspace       used 83684K, committed 84352K, reserved 1179648K
  class space    used 11339K, committed 11648K, reserved 1048576K
GC Heap History (20 events):
Event: 6.461 GC heap before
{Heap before GC invocations=3 (full 0):
 garbage-first heap   total 133120K, used 95010K [0x0000000780000000, 0x0000000800000000)
  region size 1024K, 24 young (24576K), 4 survivors (4096K)
 Metaspace       used 15804K, committed 16128K, reserved 1114112K
  class space    used 2430K, committed 2560K, reserved 1048576K
}
Event: 6.463 GC heap after
{Heap after GC invocations=4 (full 0):
 garbage-first heap   total 133120K, used 78700K [0x0000000780000000, 0x0000000800000000)
  region size 1024K, 6 young (6144K), 6 survivors (6144K)
 Metaspace       used 15804K, committed 16128K, reserved 1114112K
  class space    used 2430K, committed 2560K, reserved 1048576K
}
Event: 32.690 GC heap before
{Heap before GC invocations=5 (full 0):
 garbage-first heap   total 140288K, used 117612K [0x0000000780000000, 0x0000000800000000)
  region size 1024K, 43 young (44032K), 6 survivors (6144K)
 Metaspace       used 26724K, committed 27008K, reserved 1114112K
  class space    used 3721K, committed 3840K, reserved 1048576K
}
Event: 32.694 GC heap after
{Heap after GC invocations=6 (full 0):
 garbage-first heap   total 140288K, used 82216K [0x0000000780000000, 0x0000000800000000)
  region size 1024K, 4 young (4096K), 4 survivors (4096K)
 Metaspace       used 26724K, committed 27008K, reserved 1114112K
  class space    used 3721K, committed 3840K, reserved 1048576K
}
Event: 32.699 GC heap before
{Heap before GC invocations=6 (full 0):
 garbage-first heap   total 140288K, used 82216K [0x0000000780000000, 0x0000000800000000)
  region size 1024K, 5 young (5120K), 4 survivors (4096K)
 Metaspace       used 27005K, committed 27328K, reserved 1114112K
  class space    used 3741K, committed 3904K, reserved 1048576K
}
Event: 32.701 GC heap after
{Heap after GC invocations=7 (full 0):
 garbage-first heap   total 140288K, used 82425K [0x0000000780000000, 0x0000000800000000)
  region size 1024K, 3 young (3072K), 3 survivors (3072K)
 Metaspace       used 27005K, committed 27328K, reserved 1114112K
  class space    used 3741K, committed 3904K, reserved 1048576K
}
Event: 32.709 GC heap before
{Heap before GC invocations=7 (full 0):
 garbage-first heap   total 140288K, used 83449K [0x0000000780000000, 0x0000000800000000)
  region size 1024K, 5 young (5120K), 3 survivors (3072K)
 Metaspace       used 27337K, committed 27648K, reserved 1114112K
  class space    used 3774K, committed 3904K, reserved 1048576K
}
Event: 32.710 GC heap after
{Heap after GC invocations=8 (full 0):
 garbage-first heap   total 140288K, used 82357K [0x0000000780000000, 0x0000000800000000)
  region size 1024K, 3 young (3072K), 3 survivors (3072K)
 Metaspace       used 27337K, committed 27648K, reserved 1114112K
  class space    used 3774K, committed 3904K, reserved 1048576K
}
Event: 32.997 GC heap before
{Heap before GC invocations=9 (full 0):
 garbage-first heap   total 142336K, used 127413K [0x0000000780000000, 0x0000000800000000)
  region size 1024K, 47 young (48128K), 3 survivors (3072K)
 Metaspace       used 37827K, committed 38272K, reserved 1114112K
  class space    used 5072K, committed 5248K, reserved 1048576K
}
Event: 33.000 GC heap after
{Heap after GC invocations=10 (full 0):
 garbage-first heap   total 284672K, used 84975K [0x0000000780000000, 0x0000000800000000)
  region size 1024K, 5 young (5120K), 5 survivors (5120K)
 Metaspace       used 37827K, committed 38272K, reserved 1114112K
  class space    used 5072K, committed 5248K, reserved 1048576K
}
Event: 33.212 GC heap before
{Heap before GC invocations=10 (full 0):
 garbage-first heap   total 284672K, used 117743K [0x0000000780000000, 0x0000000800000000)
  region size 1024K, 38 young (38912K), 5 survivors (5120K)
 Metaspace       used 46116K, committed 46528K, reserved 1114112K
  class space    used 6404K, committed 6592K, reserved 1048576K
}
Event: 33.215 GC heap after
{Heap after GC invocations=11 (full 0):
 garbage-first heap   total 284672K, used 85649K [0x0000000780000000, 0x0000000800000000)
  region size 1024K, 6 young (6144K), 6 survivors (6144K)
 Metaspace       used 46116K, committed 46528K, reserved 1114112K
  class space    used 6404K, committed 6592K, reserved 1048576K
}
Event: 33.227 GC heap before
{Heap before GC invocations=11 (full 0):
 garbage-first heap   total 284672K, used 86673K [0x0000000780000000, 0x0000000800000000)
  region size 1024K, 8 young (8192K), 6 survivors (6144K)
 Metaspace       used 46427K, committed 46848K, reserved 1114112K
  class space    used 6454K, committed 6656K, reserved 1048576K
}
Event: 33.229 GC heap after
{Heap after GC invocations=12 (full 0):
 garbage-first heap   total 284672K, used 85834K [0x0000000780000000, 0x0000000800000000)
  region size 1024K, 6 young (6144K), 6 survivors (6144K)
 Metaspace       used 46427K, committed 46848K, reserved 1114112K
  class space    used 6454K, committed 6656K, reserved 1048576K
}
Event: 37.499 GC heap before
{Heap before GC invocations=13 (full 0):
 garbage-first heap   total 284672K, used 208714K [0x0000000780000000, 0x0000000800000000)
  region size 1024K, 124 young (126976K), 6 survivors (6144K)
 Metaspace       used 77791K, committed 78336K, reserved 1179648K
  class space    used 10776K, committed 11008K, reserved 1048576K
}
Event: 37.518 GC heap after
{Heap after GC invocations=14 (full 0):
 garbage-first heap   total 284672K, used 102002K [0x0000000780000000, 0x0000000800000000)
  region size 1024K, 18 young (18432K), 18 survivors (18432K)
 Metaspace       used 77791K, committed 78336K, reserved 1179648K
  class space    used 10776K, committed 11008K, reserved 1048576K
}
Event: 37.536 GC heap before
{Heap before GC invocations=14 (full 0):
 garbage-first heap   total 284672K, used 103026K [0x0000000780000000, 0x0000000800000000)
  region size 1024K, 20 young (20480K), 18 survivors (18432K)
 Metaspace       used 78125K, committed 78656K, reserved 1179648K
  class space    used 10810K, committed 11072K, reserved 1048576K
}
Event: 37.543 GC heap after
{Heap after GC invocations=15 (full 0):
 garbage-first heap   total 284672K, used 102787K [0x0000000780000000, 0x0000000800000000)
  region size 1024K, 2 young (2048K), 2 survivors (2048K)
 Metaspace       used 78125K, committed 78656K, reserved 1179648K
  class space    used 10810K, committed 11072K, reserved 1048576K
}
Event: 37.548 GC heap before
{Heap before GC invocations=15 (full 0):
 garbage-first heap   total 284672K, used 102787K [0x0000000780000000, 0x0000000800000000)
  region size 1024K, 3 young (3072K), 2 survivors (2048K)
 Metaspace       used 78442K, committed 78976K, reserved 1179648K
  class space    used 10846K, committed 11072K, reserved 1048576K
}
Event: 37.549 GC heap after
{Heap after GC invocations=16 (full 0):
 garbage-first heap   total 284672K, used 101422K [0x0000000780000000, 0x0000000800000000)
  region size 1024K, 1 young (1024K), 1 survivors (1024K)
 Metaspace       used 78442K, committed 78976K, reserved 1179648K
  class space    used 10846K, committed 11072K, reserved 1048576K
}

